This file contains any messages produced by compilers while
running configure, to aid debugging if configure makes a mistake.

It was created by room-game configure 1.0, which was
generated by GNU Autoconf 2.69.  Invocation command line was

  $ /home/jake/code/cdt-workspace/room-game/configure 

## --------- ##
## Platform. ##
## --------- ##

hostname = desktop
uname -m = x86_64
uname -r = 3.4.6-2.10-desktop
uname -s = Linux
uname -v = #1 SMP PREEMPT Thu Jul 26 09:36:26 UTC 2012 (641c197)

/usr/bin/uname -p = x86_64
/bin/uname -X     = unknown

/bin/arch              = x86_64
/usr/bin/arch -k       = unknown
/usr/convex/getsysinfo = unknown
/usr/bin/hostinfo      = unknown
/bin/machine           = unknown
/usr/bin/oslevel       = unknown
/bin/universe          = unknown

PATH: /home/jake/bin
PATH: /usr/local/bin
PATH: /usr/bin
PATH: /bin
PATH: /usr/bin/X11
PATH: /usr/X11R6/bin
PATH: /usr/games
PATH: /opt/cross/bin
PATH: /usr/lib/mit/bin
PATH: .
PATH: /usr/sbin
PATH: /sbin
PATH: /home/jake/.gem/ruby/1.9.1/bin


## ----------- ##
## Core tests. ##
## ----------- ##

configure:1792: loading site script /usr/share/site/x86_64-unknown-linux-gnu
| #!/bin/sh
| # Site script for configure. It is resourced via $CONFIG_SITE environment varaible.
| 
| # If user did not specify libdir, guess the correct target:
| # Use lib64 for 64 bit bi-arch targets, keep the default for the rest.
| if test "$libdir" = '${exec_prefix}/lib' ; then
| 
| 	ac_config_site_64bit_host=NONE
| 
| 	case "$host" in
| 	"" )
| 		# User did not specify host target.
| 		# The native platform x86_64 is a bi-arch platform.
| 		# Try to detect cross-compilation to inferior architecture.
| 
| 		# We are trying to guess 32-bit target compilation. It's not as easy as
| 		# it sounds, as there is possible several intermediate combinations.
| 		ac_config_site_cross_to_32bit_host=NONE
| 
| 		# User defined -m32 in CFLAGS or CXXFLAGS:
| 		# (It's sufficient for 32-bit, but alone may cause mis-behavior of some checks.)
| 		case "$CFLAGS" in
| 		*-m32*)
| 			ac_config_site_cross_to_32bit_host=YES
| 			;;
| 		esac
| 		case "$CXXFLAGS" in
| 		*-m32*)
| 			ac_config_site_cross_to_32bit_host=YES
| 			;;
| 		esac
| 
| 		# Running with linux32:
| 		# (Changes detected platform, but not the toolchain target.)
| 		case "`/bin/uname -i`" in
| 		x86_64 | ppc64 | s390x )
| 			;;
| 		* )
| 			ac_config_site_cross_to_32bit_host=YES
| 			;;
| 		esac
| 
| 		if test "x$ac_config_site_cross_to_32bit_host" = xNONE; then
| 			ac_config_site_64bit_host=YES
| 		fi
| 
| 		;;
| 	*x86_64* | *ppc64* | *s390x* )
| 		ac_config_site_64bit_host=YES
| 		;;
| 	esac
| 
| 	if test "x$ac_config_site_64bit_host" = xYES; then
| 		libdir='${exec_prefix}/lib64'
| 	fi
| fi
| 
| # If user did not specify libexecdir, set the correct target:
| # Nor FHS nor openSUSE allow prefix/libexec. Let's default to prefix/lib.
| 
| if test "$libexecdir" = '${exec_prefix}/libexec' ; then
| 	libexecdir='${exec_prefix}/lib'
| fi
| 
| # Continue with the standard behavior of configure defined in AC_SITE_LOAD:
| if test "x$prefix" != xNONE; then
| 	ac_site_file1=$prefix/share/config.site
| 	ac_site_file2=$prefix/etc/config.site
| else
| 	ac_site_file1=$ac_default_prefix/share/config.site
| 	ac_site_file2=$ac_default_prefix/etc/config.site
| fi
| for ac_site_file in "$ac_site_file1" "$ac_site_file2"
| do
| 	test "x$ac_site_file" = xNONE && continue
| 	if test /dev/null != "$ac_site_file" && test -r "$ac_site_file"; then
| 		{ $as_echo "/usr/share/site/x86_64-unknown-linux-gnu:${as_lineno-$LINENO}: loading site script $ac_site_file" >&5
| $as_echo "/usr/share/site/x86_64-unknown-linux-gnu: loading site script $ac_site_file" >&6;}
| 		sed 's/^/| /' "$ac_site_file" >&5
| 		. "$ac_site_file" \
| 			|| { { $as_echo "/usr/share/site/x86_64-unknown-linux-gnu:${as_lineno-$LINENO}: error: in \`$ac_pwd':" >&5
| $as_echo "/usr/share/site/x86_64-unknown-linux-gnu: error: in \`$ac_pwd':" >&2;}
| as_fn_error $? "failed to load site script $ac_site_file
| See \`config.log' for more details" "$LINENO" 5; }
| 	fi
| done
configure:1923: checking build system type
configure:1937: result: x86_64-suse-linux-gnu
configure:1957: checking host system type
configure:1970: result: x86_64-suse-linux-gnu
configure:1990: checking target system type
configure:2003: result: x86_64-suse-linux-gnu
configure:2046: checking for a BSD-compatible install
configure:2114: result: /usr/bin/install -c
configure:2125: checking whether build environment is sane
configure:2180: result: yes
configure:2331: checking for a thread-safe mkdir -p
configure:2370: result: /usr/bin/mkdir -p
configure:2377: checking for gawk
configure:2393: found /usr/bin/gawk
configure:2404: result: gawk
configure:2415: checking whether make sets $(MAKE)
configure:2437: result: yes
configure:2577: checking for g++
configure:2593: found /usr/bin/g++
configure:2604: result: g++
configure:2631: checking for C++ compiler version
configure:2640: g++ --version >&5
g++ (SUSE Linux) 4.7.1 20120723 [gcc-4_7-branch revision 189773]
Copyright (C) 2012 Free Software Foundation, Inc.
This is free software; see the source for copying conditions.  There is NO
warranty; not even for MERCHANTABILITY or FITNESS FOR A PARTICULAR PURPOSE.

configure:2651: $? = 0
configure:2640: g++ -v >&5
Using built-in specs.
COLLECT_GCC=g++
COLLECT_LTO_WRAPPER=/usr/lib64/gcc/x86_64-suse-linux/4.7/lto-wrapper
Target: x86_64-suse-linux
Configured with: ../configure --prefix=/usr --infodir=/usr/share/info --mandir=/usr/share/man --libdir=/usr/lib64 --libexecdir=/usr/lib64 --enable-languages=c,c++,objc,fortran,obj-c++,java,ada --enable-checking=release --with-gxx-include-dir=/usr/include/c++/4.7 --enable-ssp --disable-libssp --disable-libitm --disable-plugin --with-bugurl=http://bugs.opensuse.org/ --with-pkgversion='SUSE Linux' --disable-libgcj --disable-libmudflap --with-slibdir=/lib64 --with-system-zlib --enable-__cxa_atexit --enable-libstdcxx-allocator=new --disable-libstdcxx-pch --enable-version-specific-runtime-libs --enable-linker-build-id --program-suffix=-4.7 --enable-linux-futex --without-system-libunwind --with-arch-32=i586 --with-tune=generic --build=x86_64-suse-linux
Thread model: posix
gcc version 4.7.1 20120723 [gcc-4_7-branch revision 189773] (SUSE Linux) 
configure:2651: $? = 0
configure:2640: g++ -V >&5
g++: error: unrecognized command line option '-V'
g++: fatal error: no input files
compilation terminated.
configure:2651: $? = 1
configure:2640: g++ -qversion >&5
g++: error: unrecognized command line option '-qversion'
g++: fatal error: no input files
compilation terminated.
configure:2651: $? = 1
configure:2671: checking whether the C++ compiler works
configure:2693: g++    conftest.cpp  >&5
configure:2697: $? = 0
configure:2745: result: yes
configure:2748: checking for C++ compiler default output file name
configure:2750: result: a.out
configure:2756: checking for suffix of executables
configure:2763: g++ -o conftest    conftest.cpp  >&5
configure:2767: $? = 0
configure:2789: result: 
configure:2811: checking whether we are cross compiling
configure:2819: g++ -o conftest    conftest.cpp  >&5
configure:2823: $? = 0
configure:2830: ./conftest
configure:2834: $? = 0
configure:2849: result: no
configure:2854: checking for suffix of object files
configure:2876: g++ -c   conftest.cpp >&5
configure:2880: $? = 0
configure:2901: result: o
configure:2905: checking whether we are using the GNU C++ compiler
configure:2924: g++ -c   conftest.cpp >&5
configure:2924: $? = 0
configure:2933: result: yes
configure:2942: checking whether g++ accepts -g
configure:2962: g++ -c -g  conftest.cpp >&5
configure:2962: $? = 0
configure:3003: result: yes
configure:3037: checking for style of include used by make
configure:3065: result: GNU
configure:3091: checking dependency style of g++
configure:3202: result: gcc3
configure:3266: checking for gcc
configure:3282: found /usr/bin/gcc
configure:3293: result: gcc
configure:3522: checking for C compiler version
configure:3531: gcc --version >&5
gcc (SUSE Linux) 4.7.1 20120723 [gcc-4_7-branch revision 189773]
Copyright (C) 2012 Free Software Foundation, Inc.
This is free software; see the source for copying conditions.  There is NO
warranty; not even for MERCHANTABILITY or FITNESS FOR A PARTICULAR PURPOSE.

configure:3542: $? = 0
configure:3531: gcc -v >&5
Using built-in specs.
COLLECT_GCC=gcc
COLLECT_LTO_WRAPPER=/usr/lib64/gcc/x86_64-suse-linux/4.7/lto-wrapper
Target: x86_64-suse-linux
Configured with: ../configure --prefix=/usr --infodir=/usr/share/info --mandir=/usr/share/man --libdir=/usr/lib64 --libexecdir=/usr/lib64 --enable-languages=c,c++,objc,fortran,obj-c++,java,ada --enable-checking=release --with-gxx-include-dir=/usr/include/c++/4.7 --enable-ssp --disable-libssp --disable-libitm --disable-plugin --with-bugurl=http://bugs.opensuse.org/ --with-pkgversion='SUSE Linux' --disable-libgcj --disable-libmudflap --with-slibdir=/lib64 --with-system-zlib --enable-__cxa_atexit --enable-libstdcxx-allocator=new --disable-libstdcxx-pch --enable-version-specific-runtime-libs --enable-linker-build-id --program-suffix=-4.7 --enable-linux-futex --without-system-libunwind --with-arch-32=i586 --with-tune=generic --build=x86_64-suse-linux
Thread model: posix
gcc version 4.7.1 20120723 [gcc-4_7-branch revision 189773] (SUSE Linux) 
configure:3542: $? = 0
configure:3531: gcc -V >&5
gcc: error: unrecognized command line option '-V'
gcc: fatal error: no input files
compilation terminated.
configure:3542: $? = 1
configure:3531: gcc -qversion >&5
gcc: error: unrecognized command line option '-qversion'
gcc: fatal error: no input files
compilation terminated.
configure:3542: $? = 1
configure:3546: checking whether we are using the GNU C compiler
configure:3565: gcc -c   conftest.c >&5
configure:3565: $? = 0
configure:3574: result: yes
configure:3583: checking whether gcc accepts -g
configure:3603: gcc -c -g  conftest.c >&5
configure:3603: $? = 0
configure:3644: result: yes
configure:3661: checking for gcc option to accept ISO C89
configure:3724: gcc  -c -g -O2  conftest.c >&5
configure:3724: $? = 0
configure:3737: result: none needed
configure:3759: checking dependency style of gcc
configure:3870: result: gcc3
configure:3886: checking for SDL_SetVideoMode in -lSDL
configure:3911: gcc -o conftest -g -O2   conftest.c -lSDL   >&5
configure:3911: $? = 0
configure:3920: result: yes
configure:3931: checking for IMG_Load in -lSDL_image
configure:3956: gcc -o conftest -g -O2   conftest.c -lSDL_image  -lSDL  >&5
configure:3956: $? = 0
configure:3965: result: yes
configure:4124: checking that generated files are newer than configure
configure:4130: result: done
configure:4157: creating ./config.status

## ---------------------- ##
## Running config.status. ##
## ---------------------- ##

This file was extended by room-game config.status 1.0, which was
generated by GNU Autoconf 2.69.  Invocation command line was

  CONFIG_FILES    = 
  CONFIG_HEADERS  = 
  CONFIG_LINKS    = 
  CONFIG_COMMANDS = 
  $ ./config.status 

on desktop

config.status:787: creating Makefile
config.status:787: creating src/Makefile
config.status:959: executing depfiles commands

## ---------------- ##
## Cache variables. ##
## ---------------- ##

ac_cv_build=x86_64-suse-linux-gnu
ac_cv_c_compiler_gnu=yes
ac_cv_cxx_compiler_gnu=yes
ac_cv_env_CCC_set=
ac_cv_env_CCC_value=
ac_cv_env_CC_set=
ac_cv_env_CC_value=
ac_cv_env_CFLAGS_set=
ac_cv_env_CFLAGS_value=
ac_cv_env_CPPFLAGS_set=
ac_cv_env_CPPFLAGS_value=
ac_cv_env_CXXFLAGS_set=
ac_cv_env_CXXFLAGS_value=
ac_cv_env_CXX_set=
ac_cv_env_CXX_value=
ac_cv_env_LDFLAGS_set=
ac_cv_env_LDFLAGS_value=
ac_cv_env_LIBS_set=
ac_cv_env_LIBS_value=
ac_cv_env_build_alias_set=
ac_cv_env_build_alias_value=
ac_cv_env_host_alias_set=
ac_cv_env_host_alias_value=
ac_cv_env_target_alias_set=
ac_cv_env_target_alias_value=
ac_cv_host=x86_64-suse-linux-gnu
ac_cv_lib_SDL_SDL_SetVideoMode=yes
ac_cv_lib_SDL_image_IMG_Load=yes
ac_cv_objext=o
ac_cv_path_install='/usr/bin/install -c'
ac_cv_path_mkdir=/usr/bin/mkdir
ac_cv_prog_AWK=gawk
ac_cv_prog_ac_ct_CC=gcc
ac_cv_prog_ac_ct_CXX=g++
ac_cv_prog_cc_c89=
ac_cv_prog_cc_g=yes
ac_cv_prog_cxx_g=yes
ac_cv_prog_make_make_set=yes
ac_cv_target=x86_64-suse-linux-gnu
am_cv_CC_dependencies_compiler_type=gcc3
am_cv_CXX_dependencies_compiler_type=gcc3

## ----------------- ##
## Output variables. ##
## ----------------- ##

ACLOCAL='${SHELL} /home/jake/code/cdt-workspace/room-game/missing --run aclocal-1.12'
AMDEPBACKSLASH='\'
AMDEP_FALSE='#'
AMDEP_TRUE=''
AMTAR='$${TAR-tar}'
AUTOCONF='${SHELL} /home/jake/code/cdt-workspace/room-game/missing --run autoconf'
AUTOHEADER='${SHELL} /home/jake/code/cdt-workspace/room-game/missing --run autoheader'
AUTOMAKE='${SHELL} /home/jake/code/cdt-workspace/room-game/missing --run automake-1.12'
AWK='gawk'
CC='gcc'
CCDEPMODE='depmode=gcc3'
CFLAGS='-g -O2'
CPPFLAGS=''
CXX='g++'
CXXDEPMODE='depmode=gcc3'
CXXFLAGS='-g -O2'
CYGPATH_W='echo'
DEFS='-DPACKAGE_NAME=\"room-game\" -DPACKAGE_TARNAME=\"room-game\" -DPACKAGE_VERSION=\"1.0\" -DPACKAGE_STRING=\"room-game\ 1.0\" -DPACKAGE_BUGREPORT=\"\" -DPACKAGE_URL=\"\" -DPACKAGE=\"room-game\" -DVERSION=\"1.0\" -DHAVE_LIBSDL=1 -DHAVE_LIBSDL_IMAGE=1'
DEPDIR='.deps'
ECHO_C=''
ECHO_N='-n'
ECHO_T=''
EXEEXT=''
INSTALL_DATA='${INSTALL} -m 644'
INSTALL_PROGRAM='${INSTALL}'
INSTALL_SCRIPT='${INSTALL}'
INSTALL_STRIP_PROGRAM='$(install_sh) -c -s'
LDFLAGS=''
LIBOBJS=''
LIBS='-lSDL_image -lSDL '
LTLIBOBJS=''
MAKEINFO='${SHELL} /home/jake/code/cdt-workspace/room-game/missing --run makeinfo'
MKDIR_P='/usr/bin/mkdir -p'
OBJEXT='o'
PACKAGE='room-game'
PACKAGE_BUGREPORT=''
PACKAGE_NAME='room-game'
PACKAGE_STRING='room-game 1.0'
PACKAGE_TARNAME='room-game'
PACKAGE_URL=''
PACKAGE_VERSION='1.0'
PATH_SEPARATOR=':'
SET_MAKE=''
SHELL='/bin/sh'
STRIP=''
VERSION='1.0'
ac_ct_CC='gcc'
ac_ct_CXX='g++'
am__EXEEXT_FALSE=''
am__EXEEXT_TRUE='#'
am__fastdepCC_FALSE='#'
am__fastdepCC_TRUE=''
am__fastdepCXX_FALSE='#'
am__fastdepCXX_TRUE=''
am__include='include'
am__isrc=''
am__leading_dot='.'
am__nodep='_no'
am__quote=''
am__tar='$${TAR-tar} chof - "$$tardir"'
am__untar='$${TAR-tar} xf -'
bindir='${exec_prefix}/bin'
build='x86_64-suse-linux-gnu'
build_alias=''
build_cpu='x86_64'
build_os='linux-gnu'
build_vendor='suse'
datadir='${datarootdir}'
datarootdir='${prefix}/share'
docdir='${datarootdir}/doc/${PACKAGE_TARNAME}'
dvidir='${docdir}'
exec_prefix='${prefix}'
host='x86_64-suse-linux-gnu'
host_alias=''
host_cpu='x86_64'
host_os='linux-gnu'
host_vendor='suse'
htmldir='${docdir}'
includedir='${prefix}/include'
infodir='${datarootdir}/info'
install_sh='${SHELL} /home/jake/code/cdt-workspace/room-game/install-sh'
libdir='${exec_prefix}/lib64'
libexecdir='${exec_prefix}/lib'
localedir='${datarootdir}/locale'
localstatedir='${prefix}/var'
mandir='${datarootdir}/man'
mkdir_p='/usr/bin/mkdir -p'
oldincludedir='/usr/include'
pdfdir='${docdir}'
prefix='/usr/local'
program_transform_name='s,x,x,'
psdir='${docdir}'
sbindir='${exec_prefix}/sbin'
sharedstatedir='${prefix}/com'
sysconfdir='${prefix}/etc'
target='x86_64-suse-linux-gnu'
target_alias=''
target_cpu='x86_64'
target_os='linux-gnu'
target_vendor='suse'

## ----------- ##
## confdefs.h. ##
## ----------- ##

/* confdefs.h */
#define PACKAGE_NAME "room-game"
#define PACKAGE_TARNAME "room-game"
#define PACKAGE_VERSION "1.0"
#define PACKAGE_STRING "room-game 1.0"
#define PACKAGE_BUGREPORT ""
#define PACKAGE_URL ""
#define PACKAGE "room-game"
#define VERSION "1.0"
#define HAVE_LIBSDL 1
#define HAVE_LIBSDL_IMAGE 1

configure: exit 0
